<?xml version="1.0" encoding="UTF-8"?>
<testsuite name="MainBankTest" tests="1" skipped="0" failures="0" errors="0" timestamp="2024-03-09T14:25:38" hostname="WIN-PK97IO7J39D" time="6.625">
  <properties/>
  <testcase name="start" classname="MainBankTest" time="6.625"/>
  <system-out><![CDATA[?[1;31m
Start test 1?[0m
Would you like to login or register?
1. Login, 2. Register: 
> 2
Registration
Login:
> (1) 172 876 6899
Password:
> jINlZt2HuCiRtmqMXBMQU#

Enter the data again to complete the registration
Login:
> (1) 172 876 6899
Password:
> jINlZt2HuCiRtmqMXBMQU#

Congratulations on your successful registration!
Now you can log in!

Authorization
Login:
> (1) 172 876 6899
Password:
> jINlZt2HuCiRtmqMXBMQU#
Authorization successful

Welcome back!
Menu
1. Logout
> 1
Goodbye
?[1;31m
Start test 2?[0m
Would you like to login or register?
1. Login, 2. Register: 
> 
Invalid input, try again '1 or 2':
> ~
Invalid input, try again '1 or 2':
> 
Invalid input, try again '1 or 2':
> g
Invalid input, try again '1 or 2':
> 
Invalid input, try again '1 or 2':
> s
Invalid input, try again '1 or 2':
> 
Invalid input, try again '1 or 2':
> B
Invalid input, try again '1 or 2':
> 
Invalid input, try again '1 or 2':
> L
Invalid input, try again '1 or 2':
> 
Invalid input, try again '1 or 2':
> Y
Invalid input, try again '1 or 2':
> 
Invalid input, try again '1 or 2':
> z
Invalid input, try again '1 or 2':
> 
Invalid input, try again '1 or 2':
> 3
Invalid input, try again '1 or 2':
> 1
Authorization
Login:
> (1) 172 876 6899
Password:
> jINlZt2HuCiRtmqMXBMQU#
Authorization successful

We've been waiting for you!
Menu
1. Logout
> _
Invalid choice. Please enter a valid option number '1':
> y
Invalid choice. Please enter a valid option number '1':
> n
Invalid choice. Please enter a valid option number '1':
> T
Invalid choice. Please enter a valid option number '1':
> 3
Invalid choice. Please enter a valid option number '1':
>  
Invalid choice. Please enter a valid option number '1':
> r
Invalid choice. Please enter a valid option number '1':
> T
Invalid choice. Please enter a valid option number '1':
> 1
Goodbye
?[1;31m
Start test 3?[0m
Would you like to login or register?
1. Login, 2. Register: 
> 2
Registration
Login:
> (1) 172 876 6899
Login is already taken, try another login
Login:
> +(1)-417-091-0169
Password:
> YAHnB0zXYxyz%!1QUG6Wt

Enter the data again to complete the registration
Login:
> +(1)-417-091-0169
Password:
> YAHnB0zXYxyz%!1QUG6Wt

Congratulations on your successful registration!
Now you can log in!

Authorization
Login:
> +(1)-417-091-0169
Password:
> YAHnB0zXYxyz%!1QUG6Wt
Authorization successful

Welcome back!
Menu
1. Logout
> 1
Goodbye
?[1;31m
Start test 4?[0m
Would you like to login or register?
1. Login, 2. Register: 
> 2
Registration
Login:
> +(1)-494-496-7877
Password:
> #IBC0FjoncsPz$

Enter the data again to complete the registration
Login:
> +(LY)-0p6-g]?->>ow
Password:
> 82Y}J$FlprWJ

Login and password don't match.
Login:
> +(LY)-0p6-g]?->>ow
Password:
> #IBC0FjoncsPz$

Login doesn't match.
Login:
> +(1)-494-496-7877
Password:
> 82Y}J$FlprWJ

Passwords don't match
Login:
> +(1)-494-496-7877
Password:
> #IBC0FjoncsPz$

Congratulations on your successful registration!
Now you can log in!

Authorization
Login:
> +(1)-494-496-7877
Password:
> 82Y}J$FlprWJ
The entered password does not match the login or the user does not exist.
Authorization
Login:
> +(1)-494-496-7877
Password:
> 82Y}J$FlprWJ
The entered password does not match the login or the user does not exist.
Authorization
Login:
> +(1)-494-496-7877
Password:
> 82Y}J$FlprWJ
The entered password does not match the login or the user does not exist.
Authorization
Login:
> +(1)-494-496-7877
Password:
> #IBC0FjoncsPz$
Authorization successful

Good to see you!
Menu
1. Logout
> 1
Goodbye
?[1;31m
Start test 5?[0m
Would you like to login or register?
1. Login, 2. Register: 
> 2
Registration
Login:
> +(1)-488-986-8735
Password:
> u8zVOvF

Enter the data again to complete the registration
Login:
> +(7%)-X2N-)Nv-044V
Password:
> ]OzC2q@#

Login and password don't match.
Login:
> +(7%)-X2N-)Nv-044V
Password:
> u8zVOvF

Login doesn't match.
Login:
> +(1)-488-986-8735
Password:
> ]OzC2q@#

Passwords don't match
Login:
> +(1)-488-986-8735
Password:
> u8zVOvF

Congratulations on your successful registration!
Now you can log in!

Authorization
Login:
> +(1)-488-986-8735
Password:
> ]OzC2q@#
The entered password does not match the login or the user does not exist.
Authorization
Login:
> +(1)-488-986-8735
Password:
> ]OzC2q@#
The entered password does not match the login or the user does not exist.
Authorization
Login:
> +(1)-488-986-8735
Password:
> ]OzC2q@#
The entered password does not match the login or the user does not exist.
Authorization
Login:
> +(1)-488-986-8735
Password:
> u8zVOvF
Authorization successful

ZZzzzzZ... ERROR... It's a joke, it's ok, welcome back!
Menu
1. Logout
> 1
Goodbye
?[1;31m
Start test 6?[0m
Would you like to login or register?
1. Login, 2. Register: 
> 2
Registration
Login:
> +(1)-273-291-4178
Password:
> @W P0 lesGW

Enter the data again to complete the registration
Login:
> +(P6)-l(1-HE--5TH|
Password:
> YDcA\iftgZ,(tDA@74%'G

Login and password don't match.
Login:
> +(P6)-l(1-HE--5TH|
Password:
> @W P0 lesGW

Login doesn't match.
Login:
> +(1)-273-291-4178
Password:
> YDcA\iftgZ,(tDA@74%'G

Passwords don't match
Login:
> +(1)-273-291-4178
Password:
> @W P0 lesGW

Congratulations on your successful registration!
Now you can log in!

Authorization
Login:
> +(1)-273-291-4178
Password:
> YDcA\iftgZ,(tDA@74%'G
The entered password does not match the login or the user does not exist.
Authorization
Login:
> +(1)-273-291-4178
Password:
> YDcA\iftgZ,(tDA@74%'G
The entered password does not match the login or the user does not exist.
Authorization
Login:
> +(1)-273-291-4178
Password:
> YDcA\iftgZ,(tDA@74%'G
The entered password does not match the login or the user does not exist.
Authorization
Login:
> +(1)-273-291-4178
Password:
> @W P0 lesGW
Authorization successful

ZZzzzzZ... ERROR... It's a joke, it's ok, welcome back!
Menu
1. Logout
> 1
Goodbye
?[1;31m
Start test 7?[0m
Would you like to login or register?
1. Login, 2. Register: 
> 2
Registration
Login:
> +(1)-257-015-7590
Password:
> 2Dqz4oDkS6XsrmWuq Y

Enter the data again to complete the registration
Login:
> +(d$)-Jva-VyF-Il)6
Password:
> 5<B5="6^Nx&7w)7tP]OM

Login and password don't match.
Login:
> +(d$)-Jva-VyF-Il)6
Password:
> 2Dqz4oDkS6XsrmWuq Y

Login doesn't match.
Login:
> +(1)-257-015-7590
Password:
> 5<B5="6^Nx&7w)7tP]OM

Passwords don't match
Login:
> +(1)-257-015-7590
Password:
> 2Dqz4oDkS6XsrmWuq Y

Congratulations on your successful registration!
Now you can log in!

Authorization
Login:
> +(1)-257-015-7590
Password:
> 5<B5="6^Nx&7w)7tP]OM
The entered password does not match the login or the user does not exist.
Authorization
Login:
> +(1)-257-015-7590
Password:
> 5<B5="6^Nx&7w)7tP]OM
The entered password does not match the login or the user does not exist.
Authorization
Login:
> +(1)-257-015-7590
Password:
> 5<B5="6^Nx&7w)7tP]OM
The entered password does not match the login or the user does not exist.
Authorization
Login:
> +(1)-257-015-7590
Password:
> 2Dqz4oDkS6XsrmWuq Y
Authorization successful

ZZzzzzZ... ERROR... It's a joke, it's ok, welcome back!
Menu
1. Logout
> 1
Goodbye
?[1;31m
Start test 8?[0m
Would you like to login or register?
1. Login, 2. Register: 
> 2
Registration
Login:
> (1) 645 654 6612
Password:
> Ee10ffl5%h!jPfLIsP

Enter the data again to complete the registration
Login:
> +(nI)-]g6-Y$h-\UT5
Password:
> QWOoSvB7i)4&Pzv

Login and password don't match.
Login:
> +(nI)-]g6-Y$h-\UT5
Password:
> Ee10ffl5%h!jPfLIsP

Login doesn't match.
Login:
> (1) 645 654 6612
Password:
> QWOoSvB7i)4&Pzv

Passwords don't match
Login:
> (1) 645 654 6612
Password:
> Ee10ffl5%h!jPfLIsP

Congratulations on your successful registration!
Now you can log in!

Authorization
Login:
> (1) 645 654 6612
Password:
> QWOoSvB7i)4&Pzv
The entered password does not match the login or the user does not exist.
Authorization
Login:
> (1) 645 654 6612
Password:
> QWOoSvB7i)4&Pzv
The entered password does not match the login or the user does not exist.
Authorization
Login:
> (1) 645 654 6612
Password:
> QWOoSvB7i)4&Pzv
The entered password does not match the login or the user does not exist.
Authorization
Login:
> (1) 645 654 6612
Password:
> Ee10ffl5%h!jPfLIsP
Authorization successful

Welcome to your personal banking
Menu
1. Logout
> 1
Goodbye
?[1;31m
Start test 9?[0m
Would you like to login or register?
1. Login, 2. Register: 
> 2
Registration
Login:
> +(;&)-DqO-l8Z-n?OP
Wrong login format, try again
Login:
> (1) 827 875 7894
Password:
> j1pYP8m

Enter the data again to complete the registration
Login:
> (1) 827 875 7894
Password:
> j1pYP8m

Congratulations on your successful registration!
Now you can log in!

Authorization
Login:
?[1;31m
Start test 10?[0m
Would you like to login or register?
1. Login, 2. Register: 
> 2
Registration
Login:
> +(3R)-ckB-p$^-d_L*
Wrong login format, try again
Login:
> 11005476829
Password:
> pjjFU5BQglRK

Enter the data again to complete the registration
Login:
> 11005476829
Password:
> pjjFU5BQglRK

Congratulations on your successful registration!
Now you can log in!

Authorization
Login:
?[1;31m
Start test 11?[0m
Would you like to login or register?
1. Login, 2. Register: 
> 2
Registration
Login:
> +(P!)-2.R-5`b-H#GO
Wrong login format, try again
Login:
> (1) 553 122 3608
Password:
> nCWCR!7RDBZStuzmnf361

Enter the data again to complete the registration
Login:
> (1) 553 122 3608
Password:
> nCWCR!7RDBZStuzmnf361

Congratulations on your successful registration!
Now you can log in!

Authorization
Login:
?[1;31m
Start test 12?[0m
Would you like to login or register?
1. Login, 2. Register: 
> 2
Registration
Login:
> +(.{)-V#D-Q[8-<RV}
Wrong login format, try again
Login:
> +(1)-644-971-7695
Password:
> pupPzzrrjhx1 H86yoG6JkDU

Enter the data again to complete the registration
Login:
> +(1)-644-971-7695
Password:
> pupPzzrrjhx1 H86yoG6JkDU

Congratulations on your successful registration!
Now you can log in!

Authorization
Login:
?[1;31m
Start test 13?[0m
Would you like to login or register?
1. Login, 2. Register: 
> 2
Registration
Login:
> +(@y)-sE}-[%[-58i 
Wrong login format, try again
Login:
> (1) 188 146 8007
Password:
> C7#6WDh

Enter the data again to complete the registration
Login:
> (1) 188 146 8007
Password:
> C7#6WDh

Congratulations on your successful registration!
Now you can log in!

Authorization
Login:
?[1;31m
Start test 14?[0m
Would you like to login or register?
1. Login, 2. Register: 
> 2
Registration
Login:
> +(qo)-q=P-Zuv-$p+Y
Wrong login format, try again
Login:
> 17387539818
Password:
> h%QtHSTBxm26zYsVAtaVT9

Enter the data again to complete the registration
Login:
> 17387539818
Password:
> h%QtHSTBxm26zYsVAtaVT9

Congratulations on your successful registration!
Now you can log in!

Authorization
Login:
?[1;31m
Start test 15?[0m
Would you like to login or register?
1. Login, 2. Register: 
> 2
Registration
Login:
> +(##)->SS-K5p-C9[{
Wrong login format, try again
Login:
> (1) 839 490 2521
Password:
> VWHfz2RX

Enter the data again to complete the registration
Login:
> (1) 839 490 2521
Password:
> VWHfz2RX

Congratulations on your successful registration!
Now you can log in!

Authorization
Login:
?[1;31m
Start test 16?[0m
Would you like to login or register?
1. Login, 2. Register: 
> 2
Registration
Login:
> +($])-o:i-Mh*-5hyp
Wrong login format, try again
Login:
> (1) 663 062 6073
Password:
> 1Thf%9Yw9u6%H0s4210%oy

Enter the data again to complete the registration
Login:
> (1) 663 062 6073
Password:
> 1Thf%9Yw9u6%H0s4210%oy

Congratulations on your successful registration!
Now you can log in!

Authorization
Login:
?[1;31m
Start test 17?[0m
Would you like to login or register?
1. Login, 2. Register: 
> 2
Registration
Login:
> +(uu)-,'%-D>/-jVjR
Wrong login format, try again
Login:
> 16378943552
Password:
> KaNxH%3rX

Enter the data again to complete the registration
Login:
> 16378943552
Password:
> KaNxH%3rX

Congratulations on your successful registration!
Now you can log in!

Authorization
Login:
?[1;31m
Start test 18?[0m
Would you like to login or register?
1. Login, 2. Register: 
> 2
Registration
Login:
> +(vf)-5Tn-!0I-Lh6}
Wrong login format, try again
Login:
> (1) 640 555 2347
Password:
> ZPQ2bYyeQIkfVv!58p77bPm

Enter the data again to complete the registration
Login:
> (1) 640 555 2347
Password:
> ZPQ2bYyeQIkfVv!58p77bPm

Congratulations on your successful registration!
Now you can log in!

Authorization
Login:
?[1;31m
Start test 19?[0m
Would you like to login or register?
1. Login, 2. Register: 
> 2
Registration
Login:
> 13087204911
Password:
> ::AdHqB*1h&}
Wrong password format, try again
Password:
> zH@0S9FKdshm0

Enter the data again to complete the registration
Login:
> 13087204911
Password:
> zH@0S9FKdshm0

Congratulations on your successful registration!
Now you can log in!

Authorization
Login:
?[1;31m
Start test 20?[0m
Would you like to login or register?
1. Login, 2. Register: 
> 2
Registration
Login:
> (1) 673 837 8717
Password:
> iDrEG,/y$qo7]QNN)%
Wrong password format, try again
Password:
> G1M6mp QoLgSTkXPk$

Enter the data again to complete the registration
Login:
> (1) 673 837 8717
Password:
> G1M6mp QoLgSTkXPk$

Congratulations on your successful registration!
Now you can log in!

Authorization
Login:
?[1;31m
Start test 21?[0m
Would you like to login or register?
1. Login, 2. Register: 
> 2
Registration
Login:
> +(1)-133-931-9936
Password:
> X7U*JyOrrS7Hrybhs9b
Wrong password format, try again
Password:
> p1IvBlSQyrfY8Y

Enter the data again to complete the registration
Login:
> +(1)-133-931-9936
Password:
> p1IvBlSQyrfY8Y

Congratulations on your successful registration!
Now you can log in!

Authorization
Login:
?[1;31m
Start test 22?[0m
Would you like to login or register?
1. Login, 2. Register: 
> 2
Registration
Login:
> 15911520597
Password:
> yuY>vM! m
Wrong password format, try again
Password:
> FwW%lWfopIER9uatyE

Enter the data again to complete the registration
Login:
> 15911520597
Password:
> FwW%lWfopIER9uatyE

Congratulations on your successful registration!
Now you can log in!

Authorization
Login:
?[1;31m
Start test 23?[0m
Would you like to login or register?
1. Login, 2. Register: 
> 2
Registration
Login:
> 12854855361
Password:
> dQ?7r%6%qQ0 yzI];A
Wrong password format, try again
Password:
> 8MPJenUq

Enter the data again to complete the registration
Login:
> 12854855361
Password:
> 8MPJenUq

Congratulations on your successful registration!
Now you can log in!

Authorization
Login:
?[1;31m
Start test 24?[0m
Would you like to login or register?
1. Login, 2. Register: 
> 2
Registration
Login:
> +(1)-804-166-3389
Password:
> mdtx?RKM
Wrong password format, try again
Password:
> s DvttK4#rgdR$Me2gbzSY$

Enter the data again to complete the registration
Login:
> +(1)-804-166-3389
Password:
> s DvttK4#rgdR$Me2gbzSY$

Congratulations on your successful registration!
Now you can log in!

Authorization
Login:
?[1;31m
Start test 25?[0m
Would you like to login or register?
1. Login, 2. Register: 
> 2
Registration
Login:
> (1) 508 710 2261
Password:
> Q@}35C|j5YM
Wrong password format, try again
Password:
> kBtXGn5%ayF5ZJ15tx0pD

Enter the data again to complete the registration
Login:
> (1) 508 710 2261
Password:
> kBtXGn5%ayF5ZJ15tx0pD

Congratulations on your successful registration!
Now you can log in!

Authorization
Login:
?[1;31m
Start test 26?[0m
Would you like to login or register?
1. Login, 2. Register: 
> 2
Registration
Login:
> (1) 339 170 9428
Password:
> MVs/|r6Vd
Wrong password format, try again
Password:
> BpPu9ZWt4YkQ

Enter the data again to complete the registration
Login:
> (1) 339 170 9428
Password:
> BpPu9ZWt4YkQ

Congratulations on your successful registration!
Now you can log in!

Authorization
Login:
?[1;31m
Start test 27?[0m
Would you like to login or register?
1. Login, 2. Register: 
> 2
Registration
Login:
> 18203108801
Password:
> Vc<MNeAD8KX/cQ S
Wrong password format, try again
Password:
> uGfd4BsRwXm0q7

Enter the data again to complete the registration
Login:
> 18203108801
Password:
> uGfd4BsRwXm0q7

Congratulations on your successful registration!
Now you can log in!

Authorization
Login:
?[1;31m
Start test 28?[0m
Would you like to login or register?
1. Login, 2. Register: 
> 2
Registration
Login:
> (1) 236 313 8192
Password:
> CrH.db7<.
Wrong password format, try again
Password:
> Vz!Q1x14Z2Oi

Enter the data again to complete the registration
Login:
> (1) 236 313 8192
Password:
> Vz!Q1x14Z2Oi

Congratulations on your successful registration!
Now you can log in!

Authorization
Login:
?[1;31m
Start test 29?[0m
Would you like to login or register?
1. Login, 2. Register: 
> 2
Registration
Login:
> (1) 061 588 8525
Password:
> |+jkz/x\>a|. zh4DTA^BV
Wrong password format, try again
Password:
> CfYJoPHIG5

Enter the data again to complete the registration
Login:
> (1) 061 588 8525
Password:
> CfYJoPHIG5

Congratulations on your successful registration!
Now you can log in!

Authorization
Login:
?[1;31m
Start test 30?[0m
Would you like to login or register?
1. Login, 2. Register: 
> 2
Registration
Login:
> +(1)-671-421-9252
Password:
> h-CTB6<)bOR~E#k_1
Wrong password format, try again
Password:
> m0tUgBOrqWiRV#v@5

Enter the data again to complete the registration
Login:
> +(1)-671-421-9252
Password:
> m0tUgBOrqWiRV#v@5

Congratulations on your successful registration!
Now you can log in!

Authorization
Login:
?[1;31m
Start test 31?[0m
Would you like to login or register?
1. Login, 2. Register: 
> 1
Authorization
Login:
> (1) 339 170 9428
Password:
> $5Dg2hVRF^
The entered password does not match the login or the user does not exist.
Authorization
Login:
> (1) 339 170 9428
Password:
> BpPu9ZWt4YkQ
Authorization successful

Welcome back!
Menu
1. Logout
> 1
Goodbye
?[1;31m
Start test 32?[0m
Would you like to login or register?
1. Login, 2. Register: 
> 1
Authorization
Login:
> (1) 188 146 8007
Password:
> f:$mf:id(Vo[Dap
The entered password does not match the login or the user does not exist.
Authorization
Login:
> (1) 188 146 8007
Password:
> C7#6WDh
Authorization successful

Good to see you!
Menu
1. Logout
> 1
Goodbye
?[1;31m
Start test 33?[0m
Would you like to login or register?
1. Login, 2. Register: 
> 1
Authorization
Login:
> (1) 839 490 2521
Password:
> gM,N8#z3+]%FPZBia
The entered password does not match the login or the user does not exist.
Authorization
Login:
> (1) 839 490 2521
Password:
> VWHfz2RX
Authorization successful

ZZzzzzZ... ERROR... It's a joke, it's ok, welcome back!
Menu
1. Logout
> 1
Goodbye
?[1;31m
Start test 34?[0m
Would you like to login or register?
1. Login, 2. Register: 
> 1
Authorization
Login:
> +(1)-494-496-7877
Password:
> -~SVR2y
The entered password does not match the login or the user does not exist.
Authorization
Login:
> +(1)-494-496-7877
Password:
> #IBC0FjoncsPz$
Authorization successful

Welcome back!
Menu
1. Logout
> 1
Goodbye
?[1;31m
Start test 35?[0m
Would you like to login or register?
1. Login, 2. Register: 
> 1
Authorization
Login:
> (1) 827 875 7894
Password:
> t|ajn;<nz
The entered password does not match the login or the user does not exist.
Authorization
Login:
> (1) 827 875 7894
Password:
> j1pYP8m
Authorization successful

Good to see you!
Menu
1. Logout
> 1
Goodbye
?[1;31m
Start test 36?[0m
Would you like to login or register?
1. Login, 2. Register: 
> 1
Authorization
Login:
> +(1)-644-971-7695
Password:
> sa[0!!W h%jeK)gz
The entered password does not match the login or the user does not exist.
Authorization
Login:
> +(1)-644-971-7695
Password:
> pupPzzrrjhx1 H86yoG6JkDU
Authorization successful

Welcome back!
Menu
1. Logout
> 1
Goodbye
?[1;31m
Start test 37?[0m
Would you like to login or register?
1. Login, 2. Register: 
> 1
Authorization
Login:
> (1) 673 837 8717
Password:
> d&FMeQFCy@Z.284O?eL!;8)G
The entered password does not match the login or the user does not exist.
Authorization
Login:
> (1) 673 837 8717
Password:
> G1M6mp QoLgSTkXPk$
Authorization successful

Welcome back!
Menu
1. Logout
> 1
Goodbye
?[1;31m
Start test 38?[0m
Would you like to login or register?
1. Login, 2. Register: 
> 1
Authorization
Login:
> (1) 508 710 2261
Password:
> M:IyfQ]7OSXMAOOhAq
The entered password does not match the login or the user does not exist.
Authorization
Login:
> (1) 508 710 2261
Password:
> kBtXGn5%ayF5ZJ15tx0pD
Authorization successful

Good to see you!
Menu
1. Logout
> 1
Goodbye
?[1;31m
Start test 39?[0m
Would you like to login or register?
1. Login, 2. Register: 
> 1
Authorization
Login:
> +(1)-804-166-3389
Password:
> FRbGHN-
The entered password does not match the login or the user does not exist.
Authorization
Login:
> +(1)-804-166-3389
Password:
> s DvttK4#rgdR$Me2gbzSY$
Authorization successful

We've been waiting for you!
Menu
1. Logout
> 1
Goodbye
?[1;31m
Start test 40?[0m
Would you like to login or register?
1. Login, 2. Register: 
> 1
Authorization
Login:
> +(1)-804-166-3389
Password:
> **#t<<2(a
The entered password does not match the login or the user does not exist.
Authorization
Login:
> +(1)-804-166-3389
Password:
> s DvttK4#rgdR$Me2gbzSY$
Authorization successful

Welcome back!
Menu
1. Logout
> 1
Goodbye
?[1;31m
Start test 41?[0m
Would you like to login or register?
1. Login, 2. Register: 
> 1
Authorization
Login:
> 15911520597
Password:
> )qVOH?U98EF 
The entered password does not match the login or the user does not exist.
Authorization
Login:
> 15911520597
Password:
> FwW%lWfopIER9uatyE
Authorization successful

ZZzzzzZ... ERROR... It's a joke, it's ok, welcome back!
Menu
1. Logout
> 1
Goodbye
?[1;31m
Start test 42?[0m
Would you like to login or register?
1. Login, 2. Register: 
> 1
Authorization
Login:
> +(1)-671-421-9252
Password:
> 11.X<0toXO@B(}dtn
The entered password does not match the login or the user does not exist.
Authorization
Login:
> +(1)-671-421-9252
Password:
> m0tUgBOrqWiRV#v@5
Authorization successful

Welcome back!
Menu
1. Logout
> 1
Goodbye
?[1;31m
Start test 43?[0m
Would you like to login or register?
1. Login, 2. Register: 
> 1
Authorization
Login:
> (1) 339 170 9428
Password:
> _h#AGjX
The entered password does not match the login or the user does not exist.
Authorization
Login:
> (1) 339 170 9428
Password:
> BpPu9ZWt4YkQ
Authorization successful

We've been waiting for you!
Menu
1. Logout
> 1
Goodbye
?[1;31m
Start test 44?[0m
Would you like to login or register?
1. Login, 2. Register: 
> 1
Authorization
Login:
> +(1)-644-971-7695
Password:
> L#w#:V5\]]j*4>1>9zz"&[q
The entered password does not match the login or the user does not exist.
Authorization
Login:
> +(1)-644-971-7695
Password:
> pupPzzrrjhx1 H86yoG6JkDU
Authorization successful

ZZzzzzZ... ERROR... It's a joke, it's ok, welcome back!
Menu
1. Logout
> 1
Goodbye
?[1;31m
Start test 45?[0m
Would you like to login or register?
1. Login, 2. Register: 
> 1
Authorization
Login:
> +(1)-494-496-7877
Password:
> [p{676WNm^\mY
The entered password does not match the login or the user does not exist.
Authorization
Login:
> +(1)-494-496-7877
Password:
> #IBC0FjoncsPz$
Authorization successful

Welcome to your personal banking
Menu
1. Logout
> 1
Goodbye
?[1;31m
Start test 46?[0m
Would you like to login or register?
1. Login, 2. Register: 
> 1
Authorization
Login:
> 16378943552
Password:
> K)6oY~$)
The entered password does not match the login or the user does not exist.
Authorization
Login:
> 16378943552
Password:
> KaNxH%3rX
Authorization successful

Good to see you!
Menu
1. Logout
> 1
Goodbye
?[1;31m
Start test 47?[0m
Would you like to login or register?
1. Login, 2. Register: 
> 1
Authorization
Login:
> 11005476829
Password:
> 86?Kptw2K4sCI@
The entered password does not match the login or the user does not exist.
Authorization
Login:
> 11005476829
Password:
> pjjFU5BQglRK
Authorization successful

Welcome to your personal banking
Menu
1. Logout
> 1
Goodbye
?[1;31m
Start test 48?[0m
Would you like to login or register?
1. Login, 2. Register: 
> 1
Authorization
Login:
> 15911520597
Password:
> S(eBEyuyZ95
The entered password does not match the login or the user does not exist.
Authorization
Login:
> 15911520597
Password:
> FwW%lWfopIER9uatyE
Authorization successful

Good to see you!
Menu
1. Logout
> 1
Goodbye
?[1;31m
Start test 49?[0m
Would you like to login or register?
1. Login, 2. Register: 
> 1
Authorization
Login:
> +(1)-273-291-4178
Password:
> 4Cl<T#T
The entered password does not match the login or the user does not exist.
Authorization
Login:
> +(1)-273-291-4178
Password:
> @W P0 lesGW
Authorization successful

Good to see you!
Menu
1. Logout
> 1
Goodbye
?[1;31m
Start test 50?[0m
Would you like to login or register?
1. Login, 2. Register: 
> 1
Authorization
Login:
> +(1)-488-986-8735
Password:
> u{Ms{A<!*mQ+
The entered password does not match the login or the user does not exist.
Authorization
Login:
> +(1)-488-986-8735
Password:
> u8zVOvF
Authorization successful

Welcome back!
Menu
1. Logout
> 1
Goodbye
?[1;31m
Start test 51?[0m
Would you like to login or register?
1. Login, 2. Register: 
> 1
Authorization
Login:
> (1) 339 170 9428
Password:
> BpPu9ZWt4YkQ
Authorization successful

Good to see you!
Menu
1. Logout
> 1
Goodbye
?[1;31m
Start test 52?[0m
Would you like to login or register?
1. Login, 2. Register: 
> 1
Authorization
Login:
> 13087204911
Password:
> zH@0S9FKdshm0
Authorization successful

Welcome to your personal banking
Menu
1. Logout
> 1
Goodbye
?[1;31m
Start test 53?[0m
Would you like to login or register?
1. Login, 2. Register: 
> 1
Authorization
Login:
> +(1)-494-496-7877
Password:
> #IBC0FjoncsPz$
Authorization successful

Welcome to your personal banking
Menu
1. Logout
> 1
Goodbye
?[1;31m
Start test 54?[0m
Would you like to login or register?
1. Login, 2. Register: 
> 1
Authorization
Login:
> +(1)-671-421-9252
Password:
> m0tUgBOrqWiRV#v@5
Authorization successful

Welcome to your personal banking
Menu
1. Logout
> 1
Goodbye
?[1;31m
Start test 55?[0m
Would you like to login or register?
1. Login, 2. Register: 
> 1
Authorization
Login:
> (1) 663 062 6073
Password:
> 1Thf%9Yw9u6%H0s4210%oy
Authorization successful

ZZzzzzZ... ERROR... It's a joke, it's ok, welcome back!
Menu
1. Logout
> 1
Goodbye
?[1;31m
Start test 56?[0m
Would you like to login or register?
1. Login, 2. Register: 
> 1
Authorization
Login:
> 13087204911
Password:
> zH@0S9FKdshm0
Authorization successful

Good to see you!
Menu
1. Logout
> 1
Goodbye
?[1;31m
Start test 57?[0m
Would you like to login or register?
1. Login, 2. Register: 
> 1
Authorization
Login:
> (1) 172 876 6899
Password:
> jINlZt2HuCiRtmqMXBMQU#
Authorization successful

Good to see you!
Menu
1. Logout
> 1
Goodbye
?[1;31m
Start test 58?[0m
Would you like to login or register?
1. Login, 2. Register: 
> 1
Authorization
Login:
> 18203108801
Password:
> uGfd4BsRwXm0q7
Authorization successful

Welcome back!
Menu
1. Logout
> 1
Goodbye
?[1;31m
Start test 59?[0m
Would you like to login or register?
1. Login, 2. Register: 
> 1
Authorization
Login:
> +(1)-488-986-8735
Password:
> u8zVOvF
Authorization successful

ZZzzzzZ... ERROR... It's a joke, it's ok, welcome back!
Menu
1. Logout
> 1
Goodbye
?[1;31m
Start test 60?[0m
Would you like to login or register?
1. Login, 2. Register: 
> 1
Authorization
Login:
> (1) 188 146 8007
Password:
> C7#6WDh
Authorization successful

We've been waiting for you!
Menu
1. Logout
> 1
Goodbye
?[1;31m
Start test 61?[0m
Would you like to login or register?
1. Login, 2. Register: 
> 1
Authorization
Login:
> (1) 640 555 2347
Password:
> ZPQ2bYyeQIkfVv!58p77bPm
Authorization successful

ZZzzzzZ... ERROR... It's a joke, it's ok, welcome back!
Menu
1. Logout
> 1
Goodbye
?[1;31m
Start test 62?[0m
Would you like to login or register?
1. Login, 2. Register: 
> 1
Authorization
Login:
> (1) 339 170 9428
Password:
> BpPu9ZWt4YkQ
Authorization successful

We've been waiting for you!
Menu
1. Logout
> 1
Goodbye
?[1;31m
Start test 63?[0m
Would you like to login or register?
1. Login, 2. Register: 
> 1
Authorization
Login:
> 11005476829
Password:
> pjjFU5BQglRK
Authorization successful

ZZzzzzZ... ERROR... It's a joke, it's ok, welcome back!
Menu
1. Logout
> 1
Goodbye
?[1;31m
Start test 64?[0m
Would you like to login or register?
1. Login, 2. Register: 
> 1
Authorization
Login:
> (1) 673 837 8717
Password:
> G1M6mp QoLgSTkXPk$
Authorization successful

We've been waiting for you!
Menu
1. Logout
> 1
Goodbye
?[1;31m
Start test 65?[0m
Would you like to login or register?
1. Login, 2. Register: 
> 1
Authorization
Login:
> 17387539818
Password:
> h%QtHSTBxm26zYsVAtaVT9
Authorization successful

Welcome back!
Menu
1. Logout
> 1
Goodbye
?[1;31m
Start test 66?[0m
Would you like to login or register?
1. Login, 2. Register: 
> 1
Authorization
Login:
> (1) 188 146 8007
Password:
> C7#6WDh
Authorization successful

Welcome back!
Menu
1. Logout
> 1
Goodbye
?[1;31m
Start test 67?[0m
Would you like to login or register?
1. Login, 2. Register: 
> 1
Authorization
Login:
> (1) 508 710 2261
Password:
> kBtXGn5%ayF5ZJ15tx0pD
Authorization successful

We've been waiting for you!
Menu
1. Logout
> 1
Goodbye
?[1;31m
Start test 68?[0m
Would you like to login or register?
1. Login, 2. Register: 
> 1
Authorization
Login:
> (1) 827 875 7894
Password:
> j1pYP8m
Authorization successful

Good to see you!
Menu
1. Logout
> 1
Goodbye
?[1;31m
Start test 69?[0m
Would you like to login or register?
1. Login, 2. Register: 
> 1
Authorization
Login:
> (1) 645 654 6612
Password:
> Ee10ffl5%h!jPfLIsP
Authorization successful

Welcome to your personal banking
Menu
1. Logout
> 1
Goodbye
?[1;31m
Start test 70?[0m
Would you like to login or register?
1. Login, 2. Register: 
> 1
Authorization
Login:
> +(1)-257-015-7590
Password:
> 2Dqz4oDkS6XsrmWuq Y
Authorization successful

Welcome to your personal banking
Menu
1. Logout
> 1
Goodbye
?[1;31m
Start test 71?[0m
Would you like to login or register?
1. Login, 2. Register: 
> 1
Authorization
Login:
> (1) 839 490 2521
Password:
> VWHfz2RX
Authorization successful

ZZzzzzZ... ERROR... It's a joke, it's ok, welcome back!
Menu
1. Logout
> 1
Goodbye
?[1;31m
Start test 72?[0m
Would you like to login or register?
1. Login, 2. Register: 
> 1
Authorization
Login:
> 12854855361
Password:
> 8MPJenUq
Authorization successful

ZZzzzzZ... ERROR... It's a joke, it's ok, welcome back!
Menu
1. Logout
> 1
Goodbye
?[1;31m
Start test 73?[0m
Would you like to login or register?
1. Login, 2. Register: 
> 1
Authorization
Login:
> +(1)-804-166-3389
Password:
> s DvttK4#rgdR$Me2gbzSY$
Authorization successful

ZZzzzzZ... ERROR... It's a joke, it's ok, welcome back!
Menu
1. Logout
> 1
Goodbye
?[1;31m
Start test 74?[0m
Would you like to login or register?
1. Login, 2. Register: 
> 1
Authorization
Login:
> (1) 663 062 6073
Password:
> 1Thf%9Yw9u6%H0s4210%oy
Authorization successful

Welcome to your personal banking
Menu
1. Logout
> 1
Goodbye
?[1;31m
Start test 75?[0m
Would you like to login or register?
1. Login, 2. Register: 
> 1
Authorization
Login:
> +(1)-494-496-7877
Password:
> #IBC0FjoncsPz$
Authorization successful

Good to see you!
Menu
1. Logout
> 1
Goodbye
?[1;31m
Start test 76?[0m
Would you like to login or register?
1. Login, 2. Register: 
> 1
Authorization
Login:
> 11005476829
Password:
> pjjFU5BQglRK
Authorization successful

We've been waiting for you!
Menu
1. Logout
> 1
Goodbye
?[1;31m
Start test 77?[0m
Would you like to login or register?
1. Login, 2. Register: 
> 1
Authorization
Login:
> (1) 673 837 8717
Password:
> G1M6mp QoLgSTkXPk$
Authorization successful

ZZzzzzZ... ERROR... It's a joke, it's ok, welcome back!
Menu
1. Logout
> 1
Goodbye
?[1;31m
Start test 78?[0m
Would you like to login or register?
1. Login, 2. Register: 
> 1
Authorization
Login:
> (1) 172 876 6899
Password:
> jINlZt2HuCiRtmqMXBMQU#
Authorization successful

Good to see you!
Menu
1. Logout
> 1
Goodbye
?[1;31m
Start test 79?[0m
Would you like to login or register?
1. Login, 2. Register: 
> 1
Authorization
Login:
> +(1)-804-166-3389
Password:
> s DvttK4#rgdR$Me2gbzSY$
Authorization successful

Welcome to your personal banking
Menu
1. Logout
> 1
Goodbye
?[1;31m
Start test 80?[0m
Would you like to login or register?
1. Login, 2. Register: 
> 1
Authorization
Login:
> (1) 645 654 6612
Password:
> Ee10ffl5%h!jPfLIsP
Authorization successful

ZZzzzzZ... ERROR... It's a joke, it's ok, welcome back!
Menu
1. Logout
> 1
Goodbye
?[1;31m
Start test 81?[0m
Would you like to login or register?
1. Login, 2. Register: 
> 1
Authorization
Login:
> +(1)-133-931-9936
Password:
> p1IvBlSQyrfY8Y
Authorization successful

We've been waiting for you!
Menu
1. Logout
> 1
Goodbye
Would you like to login or register?
1. Login, 2. Register: 
> 1
Authorization
Login:
> (1) 061 588 8525
Password:
> CfYJoPHIG5
Authorization successful

Welcome back!
Menu
1. Logout
> 1
Goodbye
Would you like to login or register?
1. Login, 2. Register: 
> 1
Authorization
Login:
> (1) 508 710 2261
Password:
> kBtXGn5%ayF5ZJ15tx0pD
Authorization successful

ZZzzzzZ... ERROR... It's a joke, it's ok, welcome back!
Menu
1. Logout
> 1
Goodbye
Would you like to login or register?
1. Login, 2. Register: 
> 1
Authorization
Login:
> (1) 673 837 8717
Password:
> G1M6mp QoLgSTkXPk$
Authorization successful

We've been waiting for you!
Menu
1. Logout
> 1
Goodbye
Would you like to login or register?
1. Login, 2. Register: 
> 1
Authorization
Login:
> +(1)-488-986-8735
Password:
> u8zVOvF
Authorization successful

We've been waiting for you!
Menu
1. Logout
> 1
Goodbye
Would you like to login or register?
1. Login, 2. Register: 
> 1
Authorization
Login:
> (1) 236 313 8192
Password:
> Vz!Q1x14Z2Oi
Authorization successful

We've been waiting for you!
Menu
1. Logout
> 1
Goodbye
Would you like to login or register?
1. Login, 2. Register: 
> 1
Authorization
Login:
> 11005476829
Password:
> pjjFU5BQglRK
Authorization successful

ZZzzzzZ... ERROR... It's a joke, it's ok, welcome back!
Menu
1. Logout
> 1
Goodbye
Would you like to login or register?
1. Login, 2. Register: 
> 1
Authorization
Login:
> (1) 172 876 6899
Password:
> jINlZt2HuCiRtmqMXBMQU#
Authorization successful

Good to see you!
Menu
1. Logout
> 1
Goodbye
Would you like to login or register?
1. Login, 2. Register: 
> 1
Authorization
Login:
> (1) 188 146 8007
Password:
> C7#6WDh
Authorization successful

Good to see you!
Menu
1. Logout
> 1
Goodbye
Would you like to login or register?
1. Login, 2. Register: 
> 1
Authorization
Login:
> +(1)-644-971-7695
Password:
> pupPzzrrjhx1 H86yoG6JkDU
Authorization successful

Welcome back!
Menu
1. Logout
> 1
Goodbye
Would you like to login or register?
1. Login, 2. Register: 
> 1
Authorization
Login:
> (1) 645 654 6612
Password:
> Ee10ffl5%h!jPfLIsP
Authorization successful

Welcome to your personal banking
Menu
1. Logout
> 1
Goodbye
Would you like to login or register?
1. Login, 2. Register: 
> 1
Authorization
Login:
> (1) 339 170 9428
Password:
> BpPu9ZWt4YkQ
Authorization successful

ZZzzzzZ... ERROR... It's a joke, it's ok, welcome back!
Menu
1. Logout
> 1
Goodbye
Would you like to login or register?
1. Login, 2. Register: 
> 1
Authorization
Login:
> +(1)-494-496-7877
Password:
> #IBC0FjoncsPz$
Authorization successful

Welcome to your personal banking
Menu
1. Logout
> 1
Goodbye
Would you like to login or register?
1. Login, 2. Register: 
> 1
Authorization
Login:
> (1) 839 490 2521
Password:
> VWHfz2RX
Authorization successful

Good to see you!
Menu
1. Logout
> 1
Goodbye
Would you like to login or register?
1. Login, 2. Register: 
> 1
Authorization
Login:
> 15911520597
Password:
> FwW%lWfopIER9uatyE
Authorization successful

We've been waiting for you!
Menu
1. Logout
> 1
Goodbye
Would you like to login or register?
1. Login, 2. Register: 
> 1
Authorization
Login:
> +(1)-417-091-0169
Password:
> YAHnB0zXYxyz%!1QUG6Wt
Authorization successful

Welcome to your personal banking
Menu
1. Logout
> 1
Goodbye
Would you like to login or register?
1. Login, 2. Register: 
> 1
Authorization
Login:
> 12854855361
Password:
> 8MPJenUq
Authorization successful

Welcome back!
Menu
1. Logout
> 1
Goodbye
Would you like to login or register?
1. Login, 2. Register: 
> 1
Authorization
Login:
> 18203108801
Password:
> uGfd4BsRwXm0q7
Authorization successful

ZZzzzzZ... ERROR... It's a joke, it's ok, welcome back!
Menu
1. Logout
> 1
Goodbye
Would you like to login or register?
1. Login, 2. Register: 
> 1
Authorization
Login:
> 17387539818
Password:
> h%QtHSTBxm26zYsVAtaVT9
Authorization successful

Welcome back!
Menu
1. Logout
> 1
Goodbye
Would you like to login or register?
1. Login, 2. Register: 
> 1
Authorization
Login:
> +(1)-273-291-4178
Password:
> @W P0 lesGW
Authorization successful

We've been waiting for you!
Menu
1. Logout
> 1
Goodbye
Would you like to login or register?
1. Login, 2. Register: 
> 1
Authorization
Login:
> 13087204911
Password:
> zH@0S9FKdshm0
Authorization successful

ZZzzzzZ... ERROR... It's a joke, it's ok, welcome back!
Menu
1. Logout
> 1
Goodbye
Would you like to login or register?
1. Login, 2. Register: 
> 1
Authorization
Login:
> 16378943552
Password:
> KaNxH%3rX
Authorization successful

Good to see you!
Menu
1. Logout
> 1
Goodbye
Would you like to login or register?
1. Login, 2. Register: 
> 1
Authorization
Login:
> +(1)-257-015-7590
Password:
> 2Dqz4oDkS6XsrmWuq Y
Authorization successful

Good to see you!
Menu
1. Logout
> 1
Goodbye
Would you like to login or register?
1. Login, 2. Register: 
> 1
Authorization
Login:
> +(1)-804-166-3389
Password:
> s DvttK4#rgdR$Me2gbzSY$
Authorization successful

We've been waiting for you!
Menu
1. Logout
> 1
Goodbye
Would you like to login or register?
1. Login, 2. Register: 
> 1
Authorization
Login:
> (1) 553 122 3608
Password:
> nCWCR!7RDBZStuzmnf361
Authorization successful

We've been waiting for you!
Menu
1. Logout
> 1
Goodbye
Would you like to login or register?
1. Login, 2. Register: 
> 1
Authorization
Login:
> (1) 640 555 2347
Password:
> ZPQ2bYyeQIkfVv!58p77bPm
Authorization successful

Welcome to your personal banking
Menu
1. Logout
> 1
Goodbye
Would you like to login or register?
1. Login, 2. Register: 
> 1
Authorization
Login:
> (1) 663 062 6073
Password:
> 1Thf%9Yw9u6%H0s4210%oy
Authorization successful

Welcome back!
Menu
1. Logout
> 1
Goodbye
Would you like to login or register?
1. Login, 2. Register: 
> 1
Authorization
Login:
> (1) 827 875 7894
Password:
> j1pYP8m
Authorization successful

ZZzzzzZ... ERROR... It's a joke, it's ok, welcome back!
Menu
1. Logout
> 1
Goodbye
Would you like to login or register?
1. Login, 2. Register: 
> 1
Authorization
Login:
> +(1)-671-421-9252
Password:
> m0tUgBOrqWiRV#v@5
Authorization successful

Welcome to your personal banking
Menu
1. Logout
> 1
Goodbye
?[1;31m
Start test 82?[0m
Would you like to login or register?
1. Login, 2. Register: 
> 1
Authorization
Login:
> (1) 188 146 8007
Password:
> Started test file 'userData.txt'.
The entered password does not match the login or the user does not exist.
Authorization
Login:
> Test passed, don't worry about next output.
Password:
?[1;31m
Start test 83?[0m
Would you like to login or register?
1. Login, 2. Register: 
> 1
Authorization
Login:
> (1) 508 710 2261
Password:
> Started test file 'userData.txt'.
The entered password does not match the login or the user does not exist.
Authorization
Login:
> Test passed, don't worry about next output.
Password:
?[1;31m
Start test 84?[0m
Would you like to login or register?
1. Login, 2. Register: 
> 1
Authorization
Login:
> +(1)-804-166-3389
Password:
> Started test file 'userData.txt'.
The entered password does not match the login or the user does not exist.
Authorization
Login:
> Test passed, don't worry about next output.
Password:
?[1;31m
Start test 85?[0m
Would you like to login or register?
1. Login, 2. Register: 
> 1
Authorization
Login:
> (1) 827 875 7894
Password:
> Started test file 'userData.txt'.
The entered password does not match the login or the user does not exist.
Authorization
Login:
> Test passed, don't worry about next output.
Password:
?[1;31m
Start test 86?[0m
Would you like to login or register?
1. Login, 2. Register: 
> 1
Authorization
Login:
> 16378943552
Password:
> Started test file 'userData.txt'.
The entered password does not match the login or the user does not exist.
Authorization
Login:
> Test passed, don't worry about next output.
Password:
]]></system-out>
  <system-err><![CDATA[]]></system-err>
</testsuite>
